<?xml version="1.0" encoding="UTF-8"?>
<testsuite name="com.example.junit_grid_seleniumgrid.gridTest" tests="1" skipped="0" failures="0" errors="0" timestamp="2021-02-05T09:03:54" hostname="ubuntu" time="57.988">
  <properties/>
  <testcase name="test2()" classname="com.example.junit_grid_seleniumgrid.gridTest" time="57.988"/>
  <system-out><![CDATA[]]></system-out>
  <system-err><![CDATA[Feb 05, 2021 10:03:54 AM org.openqa.selenium.remote.DesiredCapabilities chrome
INFO: Using `new ChromeOptions()` is preferred to `DesiredCapabilities.chrome()`
Feb 05, 2021 10:03:58 AM org.openqa.selenium.remote.ProtocolHandshake createSession
INFO: Detected dialect: W3C
]]></system-err>
</testsuite>
